{
  "RSpec": {
    "coverage": {
      "/Users/Pauline/Documents/projects/weekend_challenges/takeaway-challenge/spec/takeaway_spec.rb": [
        1,
        null,
        1,
        null,
        10,
        null,
        1,
        1,
        null,
        null,
        1,
        1,
        1,
        null,
        null,
        1,
        1,
        1,
        1,
        1,
        null,
        null,
        1,
        1,
        1,
        1,
        1,
        1,
        1,
        1,
        1,
        1,
        1,
        1,
        1,
        1,
        null,
        null,
        1,
        1,
        1,
        1,
        1,
        1,
        null,
        null,
        1,
        1,
        1,
        1,
        1,
        2,
        null,
        null,
        1,
        1,
        1,
        1,
        1,
        1,
        1,
        null,
        null,
        1,
        1,
        1,
        1,
        1,
        1,
        1,
        1,
        null,
        null,
        1,
        1,
        1,
        1,
        1,
        1,
        2,
        null,
        null,
        null
      ],
      "/Users/Pauline/Documents/projects/weekend_challenges/takeaway-challenge/lib/takeaway.rb": [
        1,
        null,
        1,
        null,
        1,
        null,
        1,
        9,
        9,
        9,
        9,
        9,
        9,
        9,
        null,
        null,
        1,
        9,
        null,
        null,
        null,
        null,
        null,
        null,
        null,
        null,
        null,
        null,
        null,
        1,
        11,
        11,
        null,
        null,
        1,
        10,
        10,
        61,
        61,
        null,
        null,
        null,
        1,
        91,
        null,
        null,
        1,
        3,
        null,
        null,
        1,
        2,
        21,
        1,
        1,
        1,
        null,
        1,
        1,
        null,
        null,
        1,
        1,
        0,
        0,
        0,
        null,
        0,
        0,
        null,
        0,
        null,
        null,
        null,
        null,
        null,
        null
      ]
    },
    "timestamp": 1544370890
  }
}
